# JRE version: OpenJDK Runtime Environment (8.0_212-b04) (build 1.8.0_212-release-1586-b04)
# Java VM: OpenJDK 64-Bit Server VM (25.212-b04 mixed mode windows-amd64 compressed oops)
Heap:
 PSYoungGen      total 286208K, used 273751K [0x00000000e0000000, 0x00000000f4000000, 0x0000000100000000)
  eden space 265216K, 100% used [0x00000000e0000000,0x00000000f0300000,0x00000000f0300000)
  from space 20992K, 40% used [0x00000000f2b80000,0x00000000f33d5d80,0x00000000f4000000)
  to   space 31232K, 36% used [0x00000000f0300000,0x00000000f0e1fc30,0x00000000f2180000)
 ParOldGen       total 129536K, used 46980K [0x00000000a0000000, 0x00000000a7e80000, 0x00000000e0000000)
  object space 129536K, 36% used [0x00000000a0000000,0x00000000a2de1238,0x00000000a7e80000)
 Metaspace       used 89658K, capacity 94068K, committed 94104K, reserved 1130496K
  class space    used 11823K, capacity 12663K, committed 12696K, reserved 1048576K
GC Heap History (10 events):
Event: 16.523 GC heap after
Heap after GC invocations=15 (full 3):
 PSYoungGen      total 194048K, used 0K [0x00000000e0000000, 0x00000000ef100000, 0x0000000100000000)
  eden space 174592K, 0% used [0x00000000e0000000,0x00000000e0000000,0x00000000eaa80000)
  from space 19456K, 0% used [0x00000000ebd80000,0x00000000ebd80000,0x00000000ed080000)
  to   space 19456K, 0% used [0x00000000eaa80000,0x00000000eaa80000,0x00000000ebd80000)
 ParOldGen       total 129536K, used 30582K [0x00000000a0000000, 0x00000000a7e80000, 0x00000000e0000000)
  object space 129536K, 23% used [0x00000000a0000000,0x00000000a1dddaa0,0x00000000a7e80000)
 Metaspace       used 56966K, capacity 58788K, committed 59160K, reserved 1099776K
  class space    used 7875K, capacity 8333K, committed 8472K, reserved 1048576K
}
Event: 20.653 GC heap before
{Heap before GC invocations=16 (full 3):
 PSYoungGen      total 194048K, used 174592K [0x00000000e0000000, 0x00000000ef100000, 0x0000000100000000)
  eden space 174592K, 100% used [0x00000000e0000000,0x00000000eaa80000,0x00000000eaa80000)
  from space 19456K, 0% used [0x00000000ebd80000,0x00000000ebd80000,0x00000000ed080000)
  to   space 19456K, 0% used [0x00000000eaa80000,0x00000000eaa80000,0x00000000ebd80000)
 ParOldGen       total 129536K, used 30582K [0x00000000a0000000, 0x00000000a7e80000, 0x00000000e0000000)
  object space 129536K, 23% used [0x00000000a0000000,0x00000000a1dddaa0,0x00000000a7e80000)
 Metaspace       used 70704K, capacity 73504K, committed 73752K, reserved 1112064K
  class space    used 9820K, capacity 10439K, committed 10520K, reserved 1048576K
Event: 20.701 GC heap after
Heap after GC invocations=16 (full 3):
 PSYoungGen      total 194048K, used 18575K [0x00000000e0000000, 0x00000000f0100000, 0x0000000100000000)
  eden space 174592K, 0% used [0x00000000e0000000,0x00000000e0000000,0x00000000eaa80000)
  from space 19456K, 95% used [0x00000000eaa80000,0x00000000ebca3db8,0x00000000ebd80000)
  to   space 22016K, 0% used [0x00000000eeb80000,0x00000000eeb80000,0x00000000f0100000)
 ParOldGen       total 129536K, used 30590K [0x00000000a0000000, 0x00000000a7e80000, 0x00000000e0000000)
  object space 129536K, 23% used [0x00000000a0000000,0x00000000a1ddfaa0,0x00000000a7e80000)
 Metaspace       used 70704K, capacity 73504K, committed 73752K, reserved 1112064K
  class space    used 9820K, capacity 10439K, committed 10520K, reserved 1048576K
}
Event: 23.647 GC heap before
{Heap before GC invocations=17 (full 3):
 PSYoungGen      total 194048K, used 193167K [0x00000000e0000000, 0x00000000f0100000, 0x0000000100000000)
  eden space 174592K, 100% used [0x00000000e0000000,0x00000000eaa80000,0x00000000eaa80000)
  from space 19456K, 95% used [0x00000000eaa80000,0x00000000ebca3db8,0x00000000ebd80000)
  to   space 22016K, 0% used [0x00000000eeb80000,0x00000000eeb80000,0x00000000f0100000)
 ParOldGen       total 129536K, used 30590K [0x00000000a0000000, 0x00000000a7e80000, 0x00000000e0000000)
  object space 129536K, 23% used [0x00000000a0000000,0x00000000a1ddfaa0,0x00000000a7e80000)
 Metaspace       used 76740K, capacity 80176K, committed 80536K, reserved 1118208K
  class space    used 10613K, capacity 11307K, committed 11416K, reserved 1048576K
Event: 23.832 GC heap after
Heap after GC invocations=17 (full 3):
 PSYoungGen      total 238592K, used 19656K [0x00000000e0000000, 0x00000000f0f00000, 0x0000000100000000)
  eden space 216576K, 0% used [0x00000000e0000000,0x00000000e0000000,0x00000000ed380000)
  from space 22016K, 89% used [0x00000000eeb80000,0x00000000efeb2048,0x00000000f0100000)
  to   space 24576K, 0% used [0x00000000ed380000,0x00000000ed380000,0x00000000eeb80000)
 ParOldGen       total 129536K, used 30606K [0x00000000a0000000, 0x00000000a7e80000, 0x00000000e0000000)
  object space 129536K, 23% used [0x00000000a0000000,0x00000000a1de3aa0,0x00000000a7e80000)
 Metaspace       used 76740K, capacity 80176K, committed 80536K, reserved 1118208K
  class space    used 10613K, capacity 11307K, committed 11416K, reserved 1048576K
}
Event: 334.794 GC heap before
{Heap before GC invocations=18 (full 3):
 PSYoungGen      total 238592K, used 236232K [0x00000000e0000000, 0x00000000f0f00000, 0x0000000100000000)
  eden space 216576K, 100% used [0x00000000e0000000,0x00000000ed380000,0x00000000ed380000)
  from space 22016K, 89% used [0x00000000eeb80000,0x00000000efeb2048,0x00000000f0100000)
  to   space 24576K, 0% used [0x00000000ed380000,0x00000000ed380000,0x00000000eeb80000)
 ParOldGen       total 129536K, used 30606K [0x00000000a0000000, 0x00000000a7e80000, 0x00000000e0000000)
  object space 129536K, 23% used [0x00000000a0000000,0x00000000a1de3aa0,0x00000000a7e80000)
 Metaspace       used 84048K, capacity 87724K, committed 87832K, reserved 1124352K
  class space    used 11308K, capacity 12043K, committed 12056K, reserved 1048576K
Event: 334.856 GC heap after
Heap after GC invocations=18 (full 3):
 PSYoungGen      total 241152K, used 24572K [0x00000000e0000000, 0x00000000f4b00000, 0x0000000100000000)
  eden space 216576K, 0% used [0x00000000e0000000,0x00000000e0000000,0x00000000ed380000)
  from space 24576K, 99% used [0x00000000ed380000,0x00000000eeb7f068,0x00000000eeb80000)
  to   space 32256K, 0% used [0x00000000f2b80000,0x00000000f2b80000,0x00000000f4b00000)
 ParOldGen       total 129536K, used 40696K [0x00000000a0000000, 0x00000000a7e80000, 0x00000000e0000000)
  object space 129536K, 31% used [0x00000000a0000000,0x00000000a27be128,0x00000000a7e80000)
 Metaspace       used 84048K, capacity 87724K, committed 87832K, reserved 1124352K
  class space    used 11308K, capacity 12043K, committed 12056K, reserved 1048576K
}
Event: 383.831 GC heap before
{Heap before GC invocations=19 (full 3):
 PSYoungGen      total 241152K, used 241148K [0x00000000e0000000, 0x00000000f4b00000, 0x0000000100000000)
  eden space 216576K, 100% used [0x00000000e0000000,0x00000000ed380000,0x00000000ed380000)
  from space 24576K, 99% used [0x00000000ed380000,0x00000000eeb7f068,0x00000000eeb80000)
  to   space 32256K, 0% used [0x00000000f2b80000,0x00000000f2b80000,0x00000000f4b00000)
 ParOldGen       total 129536K, used 40696K [0x00000000a0000000, 0x00000000a7e80000, 0x00000000e0000000)
  object space 129536K, 31% used [0x00000000a0000000,0x00000000a27be128,0x00000000a7e80000)
 Metaspace       used 84977K, capacity 88822K, committed 88984K, reserved 1126400K
  class space    used 11358K, capacity 12122K, committed 12184K, reserved 1048576K
Event: 383.847 GC heap after
Heap after GC invocations=19 (full 3):
 PSYoungGen      total 286208K, used 8535K [0x00000000e0000000, 0x00000000f4000000, 0x0000000100000000)
  eden space 265216K, 0% used [0x00000000e0000000,0x00000000e0000000,0x00000000f0300000)
  from space 20992K, 40% used [0x00000000f2b80000,0x00000000f33d5d80,0x00000000f4000000)
  to   space 31232K, 0% used [0x00000000f0300000,0x00000000f0300000,0x00000000f2180000)
 ParOldGen       total 129536K, used 46972K [0x00000000a0000000, 0x00000000a7e80000, 0x00000000e0000000)
  object space 129536K, 36% used [0x00000000a0000000,0x00000000a2ddf238,0x00000000a7e80000)
 Metaspace       used 84977K, capacity 88822K, committed 88984K, reserved 1126400K
  class space    used 11358K, capacity 12122K, committed 12184K, reserved 1048576K
}
Event: 1005.337 GC heap before
{Heap before GC invocations=20 (full 3):
 PSYoungGen      total 286208K, used 273751K [0x00000000e0000000, 0x00000000f4000000, 0x0000000100000000)
  eden space 265216K, 100% used [0x00000000e0000000,0x00000000f0300000,0x00000000f0300000)
  from space 20992K, 40% used [0x00000000f2b80000,0x00000000f33d5d80,0x00000000f4000000)
  to   space 31232K, 0% used [0x00000000f0300000,0x00000000f0300000,0x00000000f2180000)
 ParOldGen       total 129536K, used 46972K [0x00000000a0000000, 0x00000000a7e80000, 0x00000000e0000000)
  object space 129536K, 36% used [0x00000000a0000000,0x00000000a2ddf238,0x00000000a7e80000)
 Metaspace       used 89658K, capacity 94068K, committed 94104K, reserved 1130496K
  class space    used 11823K, capacity 12663K, committed 12696K, reserved 1048576K

