# JRE version: OpenJDK Runtime Environment (8.0_212-b04) (build 1.8.0_212-release-1586-b04)
# Java VM: OpenJDK 64-Bit Server VM (25.212-b04 mixed mode windows-amd64 compressed oops)
Heap:
 PSYoungGen      total 236544K, used 140791K [0x00000000e0000000, 0x00000000efe00000, 0x0000000100000000)
  eden space 218624K, 56% used [0x00000000e0000000,0x00000000e7815618,0x00000000ed580000)
  from space 17920K, 99% used [0x00000000eec80000,0x00000000efde8608,0x00000000efe00000)
  to   space 20480K, 0% used [0x00000000ed600000,0x00000000ed600000,0x00000000eea00000)
 ParOldGen       total 138752K, used 43083K [0x00000000a0000000, 0x00000000a8780000, 0x00000000e0000000)
  object space 138752K, 31% used [0x00000000a0000000,0x00000000a2a12f88,0x00000000a8780000)
 Metaspace       used 79759K, capacity 83612K, committed 83840K, reserved 1122304K
  class space    used 10579K, capacity 11358K, committed 11392K, reserved 1048576K
GC Heap History (10 events):
Event: 8.803 GC heap before
{Heap before GC invocations=13 (full 2):
 PSYoungGen      total 143872K, used 143647K [0x00000000e0000000, 0x00000000ea380000, 0x0000000100000000)
  eden space 134656K, 100% used [0x00000000e0000000,0x00000000e8380000,0x00000000e8380000)
  from space 9216K, 97% used [0x00000000e9a80000,0x00000000ea347c10,0x00000000ea380000)
  to   space 12288K, 0% used [0x00000000e8b80000,0x00000000e8b80000,0x00000000e9780000)
 ParOldGen       total 86528K, used 14821K [0x00000000a0000000, 0x00000000a5480000, 0x00000000e0000000)
  object space 86528K, 17% used [0x00000000a0000000,0x00000000a0e796e8,0x00000000a5480000)
 Metaspace       used 52049K, capacity 53502K, committed 53632K, reserved 1095680K
  class space    used 6864K, capacity 7227K, committed 7296K, reserved 1048576K
Event: 8.829 GC heap after
Heap after GC invocations=13 (full 2):
 PSYoungGen      total 155136K, used 12284K [0x00000000e0000000, 0x00000000eca80000, 0x0000000100000000)
  eden space 142848K, 0% used [0x00000000e0000000,0x00000000e0000000,0x00000000e8b80000)
  from space 12288K, 99% used [0x00000000e8b80000,0x00000000e977f300,0x00000000e9780000)
  to   space 16896K, 0% used [0x00000000eba00000,0x00000000eba00000,0x00000000eca80000)
 ParOldGen       total 86528K, used 24145K [0x00000000a0000000, 0x00000000a5480000, 0x00000000e0000000)
  object space 86528K, 27% used [0x00000000a0000000,0x00000000a1794748,0x00000000a5480000)
 Metaspace       used 52049K, capacity 53502K, committed 53632K, reserved 1095680K
  class space    used 6864K, capacity 7227K, committed 7296K, reserved 1048576K
}
Event: 9.824 GC heap before
{Heap before GC invocations=14 (full 2):
 PSYoungGen      total 155136K, used 81884K [0x00000000e0000000, 0x00000000eca80000, 0x0000000100000000)
  eden space 142848K, 48% used [0x00000000e0000000,0x00000000e43f7db8,0x00000000e8b80000)
  from space 12288K, 99% used [0x00000000e8b80000,0x00000000e977f300,0x00000000e9780000)
  to   space 16896K, 0% used [0x00000000eba00000,0x00000000eba00000,0x00000000eca80000)
 ParOldGen       total 86528K, used 24145K [0x00000000a0000000, 0x00000000a5480000, 0x00000000e0000000)
  object space 86528K, 27% used [0x00000000a0000000,0x00000000a1794748,0x00000000a5480000)
 Metaspace       used 57186K, capacity 59086K, committed 59136K, reserved 1099776K
  class space    used 7736K, capacity 8178K, committed 8192K, reserved 1048576K
Event: 9.842 GC heap after
Heap after GC invocations=14 (full 2):
 PSYoungGen      total 190976K, used 7141K [0x00000000e0000000, 0x00000000ed580000, 0x0000000100000000)
  eden space 174080K, 0% used [0x00000000e0000000,0x00000000e0000000,0x00000000eaa00000)
  from space 16896K, 42% used [0x00000000eba00000,0x00000000ec0f9698,0x00000000eca80000)
  to   space 16384K, 0% used [0x00000000eaa00000,0x00000000eaa00000,0x00000000eba00000)
 ParOldGen       total 86528K, used 36323K [0x00000000a0000000, 0x00000000a5480000, 0x00000000e0000000)
  object space 86528K, 41% used [0x00000000a0000000,0x00000000a2378e00,0x00000000a5480000)
 Metaspace       used 57186K, capacity 59086K, committed 59136K, reserved 1099776K
  class space    used 7736K, capacity 8178K, committed 8192K, reserved 1048576K
}
Event: 9.842 GC heap before
{Heap before GC invocations=15 (full 3):
 PSYoungGen      total 190976K, used 7141K [0x00000000e0000000, 0x00000000ed580000, 0x0000000100000000)
  eden space 174080K, 0% used [0x00000000e0000000,0x00000000e0000000,0x00000000eaa00000)
  from space 16896K, 42% used [0x00000000eba00000,0x00000000ec0f9698,0x00000000eca80000)
  to   space 16384K, 0% used [0x00000000eaa00000,0x00000000eaa00000,0x00000000eba00000)
 ParOldGen       total 86528K, used 36323K [0x00000000a0000000, 0x00000000a5480000, 0x00000000e0000000)
  object space 86528K, 41% used [0x00000000a0000000,0x00000000a2378e00,0x00000000a5480000)
 Metaspace       used 57186K, capacity 59086K, committed 59136K, reserved 1099776K
  class space    used 7736K, capacity 8178K, committed 8192K, reserved 1048576K
Event: 10.102 GC heap after
Heap after GC invocations=15 (full 3):
 PSYoungGen      total 190976K, used 0K [0x00000000e0000000, 0x00000000ed580000, 0x0000000100000000)
  eden space 174080K, 0% used [0x00000000e0000000,0x00000000e0000000,0x00000000eaa00000)
  from space 16896K, 0% used [0x00000000eba00000,0x00000000eba00000,0x00000000eca80000)
  to   space 16384K, 0% used [0x00000000eaa00000,0x00000000eaa00000,0x00000000eba00000)
 ParOldGen       total 138752K, used 33691K [0x00000000a0000000, 0x00000000a8780000, 0x00000000e0000000)
  object space 138752K, 24% used [0x00000000a0000000,0x00000000a20e6c58,0x00000000a8780000)
 Metaspace       used 57152K, capacity 58972K, committed 59136K, reserved 1099776K
  class space    used 7726K, capacity 8159K, committed 8192K, reserved 1048576K
}
Event: 12.100 GC heap before
{Heap before GC invocations=16 (full 3):
 PSYoungGen      total 190976K, used 174080K [0x00000000e0000000, 0x00000000ed580000, 0x0000000100000000)
  eden space 174080K, 100% used [0x00000000e0000000,0x00000000eaa00000,0x00000000eaa00000)
  from space 16896K, 0% used [0x00000000eba00000,0x00000000eba00000,0x00000000eca80000)
  to   space 16384K, 0% used [0x00000000eaa00000,0x00000000eaa00000,0x00000000eba00000)
 ParOldGen       total 138752K, used 33691K [0x00000000a0000000, 0x00000000a8780000, 0x00000000e0000000)
  object space 138752K, 24% used [0x00000000a0000000,0x00000000a20e6c58,0x00000000a8780000)
 Metaspace       used 65326K, capacity 67822K, committed 67968K, reserved 1107968K
  class space    used 9004K, capacity 9502K, committed 9600K, reserved 1048576K
Event: 12.245 GC heap after
Heap after GC invocations=16 (full 3):
 PSYoungGen      total 190464K, used 14877K [0x00000000e0000000, 0x00000000efe00000, 0x0000000100000000)
  eden space 174080K, 0% used [0x00000000e0000000,0x00000000e0000000,0x00000000eaa00000)
  from space 16384K, 90% used [0x00000000eaa00000,0x00000000eb8876c0,0x00000000eba00000)
  to   space 17920K, 0% used [0x00000000eec80000,0x00000000eec80000,0x00000000efe00000)
 ParOldGen       total 138752K, used 33699K [0x00000000a0000000, 0x00000000a8780000, 0x00000000e0000000)
  object space 138752K, 24% used [0x00000000a0000000,0x00000000a20e8c58,0x00000000a8780000)
 Metaspace       used 65326K, capacity 67822K, committed 67968K, reserved 1107968K
  class space    used 9004K, capacity 9502K, committed 9600K, reserved 1048576K
}
Event: 19.474 GC heap before
{Heap before GC invocations=17 (full 3):
 PSYoungGen      total 190464K, used 188957K [0x00000000e0000000, 0x00000000efe00000, 0x0000000100000000)
  eden space 174080K, 100% used [0x00000000e0000000,0x00000000eaa00000,0x00000000eaa00000)
  from space 16384K, 90% used [0x00000000eaa00000,0x00000000eb8876c0,0x00000000eba00000)
  to   space 17920K, 0% used [0x00000000eec80000,0x00000000eec80000,0x00000000efe00000)
 ParOldGen       total 138752K, used 33699K [0x00000000a0000000, 0x00000000a8780000, 0x00000000e0000000)
  object space 138752K, 24% used [0x00000000a0000000,0x00000000a20e8c58,0x00000000a8780000)
 Metaspace       used 74884K, capacity 78476K, committed 78720K, reserved 1118208K
  class space    used 10003K, capacity 10778K, committed 10880K, reserved 1048576K
Event: 19.516 GC heap after
Heap after GC invocations=17 (full 3):
 PSYoungGen      total 236544K, used 17825K [0x00000000e0000000, 0x00000000efe00000, 0x0000000100000000)
  eden space 218624K, 0% used [0x00000000e0000000,0x00000000e0000000,0x00000000ed580000)
  from space 17920K, 99% used [0x00000000eec80000,0x00000000efde8608,0x00000000efe00000)
  to   space 20480K, 0% used [0x00000000ed600000,0x00000000ed600000,0x00000000eea00000)
 ParOldGen       total 138752K, used 43083K [0x00000000a0000000, 0x00000000a8780000, 0x00000000e0000000)
  object space 138752K, 31% used [0x00000000a0000000,0x00000000a2a12f88,0x00000000a8780000)
 Metaspace       used 74884K, capacity 78476K, committed 78720K, reserved 1118208K
  class space    used 10003K, capacity 10778K, committed 10880K, reserved 1048576K
}

